./main
0 462 604 119 120
1 462 307 218 68
2 935 853 111 86
3 935 333 137 49
4 998 333 137 83
5 755 579 141 15
6 387 579 141 18
7 387 904 169 130
8 731 904 169 62
9 731 489 187 46
10 16 489 187 58
11 16 360 191 72
12 454 360 191 128
13 454 940 192 66
14 789 940 192 6
15 789 307 218 5
16 789 370 223 12
17 789 313 225 64
18 789 143 242 48
19 789 39 277 33
20 959 397 118 18
21 718 315 149 60
22 959 315 149 40
23 959 848 233 21
24 53 906 274 23
25 53 39 277 44
26 53 220 280 58
27 511 220 280 21
28 959 208 171 6
29 959 251 203 52
30 336 734 235 5
31 959 734 235 39
32 895 734 235 56
33 944 734 235 98
34 944 30 251 50
35 524 30 251 11
36 909 117 107 13
37 121 432 200 3
38 941 30 251 18
39 121 654 127 152
40 909 654 127 20
41 840 708 224 35
42 909 708 224 45
43 909 563 166 18
44 32 30 251 21
45 32 915 263 79
46 503 431 139 20
47 503 105 241 124
48 909 217 223 3
49 820 217 223 47
50 820 8 201 70
51 187 474 156 9
52 468 474 156 164
53 441 474 156 7
54 441 845 158 90
55 123 8 201 122
56 123 244 232 12
57 916 881 206 7
58 916 244 232 79
59 280 163 231 155
60 838 163 231 3
61 838 244 232 61
62 838 105 241 3
63 838 58 252 53
64 72 58 252 53
65 522 58 252 68
66 522 915 263 42
67 129 915 263 68
68 129 66 165 25
69 788 66 165 61
70 526 66 165 90
71 807 66 165 18
72 807 938 134 81
73 231 189 250 39
74 807 482 156 13
75 807 915 141 54
76 800 509 105 141
77 502 189 250 25
78 502 693 255 108
79 800 650 230 50
80 314 650 230 110
81 314 666 143 50
82 806 666 143 15
83 832 693 255 48
84 832 79 275 88
85 68 644 126 90
86 806 644 126 10
87 806 214 100 57
88 997 214 100 2
89 997 817 200 16
90 997 361 206 63
91 146 361 206 37
92 20 361 206 21
93 69 567 172 10
94 618 567 172 85
95 188 567 172 19
96 652 259 127 33
97 652 357 152 37
98 188 357 152 27
99 91 361 206 1
100 91 447 221 63
101 91 706 221 80
102 188 371 120 143
103 221 371 120 21
104 221 496 169 108
105 221 226 116 37
106 144 226 116 14
107 580 226 116 124
108 235 531 150 24
109 580 208 102 17
110 235 208 102 57
111 992 208 102 69
112 744 123 191 150
113 534 123 191 34
114 992 914 108 86
115 811 914 108 69
116 736 123 191 9
117 736 917 218 86
118 736 917 221 1
119 736 706 221 43
120 811 333 153 11
121 574 333 153 67
122 405 706 221 7
123 405 397 238 39
124 263 159 238 100
125 263 397 238 53
126 263 244 239 2
127 263 489 242 35
128 551 660 195 26
129 551 275 212 59
130 395 275 212 131
131 395 655 139 22
132 574 655 139 67
133 885 655 139 42
134 224 473 113 37
135 968 473 113 10
136 447 473 113 76
137 466 441 222 62
138 609 263 113 102
139 508 441 222 28
140 609 514 143 59
141 885 514 143 32
142 447 471 160 26
143 885 471 160 60
144 977 471 160 26
145 441 471 160 26
146 701 441 222 38
147 701 283 226 3
148 288 351 129 18
149 441 351 129 7
150 19 351 129 2
151 255 351 129 44
152 963 351 129 18
153 577 351 129 17
154 281 351 129 70
155 384 856 114 82
156 281 856 114 47
157 495 519 162 151
158 134 283 226 106
159 134 353 240 82
160 495 205 108 23
161 281 205 108 54
162 507 205 108 50
163 382 205 108 30
164 956 166 183 24
165 956 369 203 17
166 956 720 240 70
167 382 92 154 75
168 464 119 150 32
169 605 286 103 91
170 990 286 103 19
171 475 119 150 93
172 475 92 154 69
173 882 92 154 35
174 882 71 157 6
175 990 714 118 52
176 813 714 118 142
177 119 734 138 159
178 296 305 156 7
179 956 284 118 1
180 813 284 118 49
181 119 284 118 2
182 486 284 118 6
183 817 284 118 62
184 998 284 118 72
185 785 284 118 7
186 710 305 156 45
187 181 305 156 39
188 901 596 146 45
189 901 775 149 93
190 610 775 149 60
191 610 305 156 53
192 610 71 157 31
193 370 71 157 79
194 370 232 161 40
195 790 232 161 44
196 701 232 161 20
197 372 232 161 48
198 762 357 181 23
199 762 467 122 82
200 372 467 122 62
201 445 467 122 48
202 189 168 194 157
203 189 724 200 30
204 309 724 200 34
205 445 120 103 23
206 314 724 200 12
207 314 337 207 113
208 314 38 208 52
209 314 187 232 6
210 52 993 225 110
211 52 187 232 84
212 4 187 232 108
213 4 559 236 17
214 136 724 178 3
215 840 724 178 160
216 174 559 236 54
217 174 968 236 45
218 840 680 160 37
219 963 680 160 99
220 445 680 160 33
221 859 752 197 53
222 636 752 197 92
223 636 968 236 16
224 271 181 141 86
225 647 968 236 46
226 855 125 188 55
227 271 550 152 38
228 271 563 119 59
229 613 563 119 37
230 613 921 107 71
231 613 956 160 12
232 613 137 117 41
233 613 654 129 19
234 613 722 136 11
235 445 722 136 64
236 646 722 136 4
237 317 891 177 57
238 317 125 188 59
239 317 577 212 27
240 239 577 212 18
241 993 155 210 1
242 993 577 212 67
243 397 402 101 38
244 397 502 130 17
245 80 502 130 124
246 646 502 130 43
247 930 577 212 30
248 930 212 219 107
249 930 968 236 34
250 520 968 236 21
251 499 392 240 49
252 520 117 227 7
253 617 117 227 42
254 617 353 240 48
255 301 162 169 45
256 147 910 218 49
257 452 672 119 137
258 301 672 119 54
259 318 910 218 89
260 145 910 218 24
261 145 320 222 84
262 199 320 222 33
263 199 392 240 67
264 21 140 115 11
265 301 232 198 5
266 21 232 198 73
267 578 232 198 100
268 578 266 129 31
269 131 266 129 22
270 451 67 209 84
271 48 67 209 76
272 48 974 227 95
273 48 720 240 9
274 542 692 209 111
275 542 353 240 31
276 542 392 240 32
277 573 720 240 7
278 618 75 155 18
279 325 392 240 8
280 325 720 240 95
281 325 489 242 41
282 618 4 146 103
283 618 928 209 30
284 575 928 209 46
285 575 202 242 5
286 255 489 242 37
287 255 202 242 44
288 131 34 182 13
289 630 34 182 5
290 482 34 182 22
291 482 84 138 21
292 482 608 119 18
293 546 608 119 126
294 712 2 164 189
295 712 202 242 7
296 546 427 107 70
297 707 427 107 25
298 646 427 107 16
299 393 770 173 7
300 393 202 242 107
301 393 348 245 73
302 324 348 245 86
303 646 527 128 106
304 79 601 147 4
305 852 601 147 80
306 966 601 147 36
307 966 405 140 53
308 335 465 241 75
309 493 417 218 81
310 427 465 241 33
311 493 359 136 3
312 493 219 165 76
313 816 219 165 34
314 966 219 165 13
315 80 465 241 80
316 80 348 245 23
317 109 248 111 69
318 966 248 111 19
319 463 248 111 110
320 463 890 161 81
321 847 890 161 29
322 362 147 197 4
323 362 377 155 111
324 362 457 179 14
325 731 457 179 6
326 737 922 239 65
327 737 348 245 3
328 662 352 125 24
329 143 348 245 11
330 143 634 247 40
331 143 850 248 31
332 19 481 194 124
333 662 481 194 47
334 572 799 247 105
335 572 3 248 6
336 572 850 248 81
337 662 656 167 123
338 731 656 167 29
339 731 717 132 46
340 552 717 132 71
341 552 962 178 25
342 359 962 178 170
343 364 962 178 1
344 406 367 200 119
345 406 971 103 28
346 364 971 103 38
347 10 971 103 30
348 265 277 153 36
349 798 423 201 142
350 176 423 201 15
351 176 677 151 73
352 329 961 123 11
353 176 961 123 54
354 243 216 220 62
355 243 138 125 20
356 243 630 129 2
357 176 630 129 12
358 38 977 210 7
359 176 459 167 6
360 243 459 167 62
361 265 459 167 82
362 562 977 210 125
363 562 687 233 68
364 380 687 233 18
365 380 253 234 143
366 265 76 106 7
367 265 440 189 11
368 10 440 189 55
369 366 781 165 76
370 456 781 165 18
371 456 242 160 102
372 456 74 165 17
373 904 74 165 17
374 980 74 165 69
375 980 940 141 26
376 303 940 141 96
377 303 898 165 42
378 918 898 165 51
379 558 440 189 61
380 460 440 189 16
381 460 106 141 101
382 469 258 208 100
383 469 575 112 69
384 460 575 112 3
385 918 575 112 24
386 149 575 112 38
387 559 253 234 30
388 559 967 242 88
389 71 294 194 75
390 71 967 242 55
391 149 747 165 2
392 315 747 165 73
393 396 45 217 44
394 630 729 124 57
395 640 45 217 23
396 954 45 217 2
397 564 983 244 113
398 564 850 248 5
399 564 34 248 6
400 564 350 249 4
401 564 831 250 34
402 207 831 250 39
403 954 368 178 50
404 954 390 199 32
405 954 257 203 67
406 630 257 203 89
407 125 917 187 125
408 105 257 203 18
409 105 711 214 38
410 105 831 250 18
411 125 913 174 4
412 546 913 174 81
413 401 831 250 17
414 401 602 251 74
415 401 568 253 83
416 883 993 254 83
417 826 386 254 84
418 401 365 140 19
419 546 365 140 4
420 546 952 130 98
421 315 952 130 56
422 739 881 195 147
423 739 453 197 20
424 315 205 101 47
425 847 205 101 16
426 739 453 197 44
427 462 453 197 73
428 462 706 242 43
429 271 706 242 29
430 956 836 142 37
431 471 956 165 28
432 956 956 165 1
433 815 956 165 20
434 815 487 191 50
435 203 487 191 40
436 847 668 133 92
437 729 487 191 12
438 729 791 211 15
439 729 633 185 11
440 150 633 185 32
441 978 633 185 31
442 978 571 227 79
443 978 828 198 5
444 220 508 118 25
445 621 508 118 34
446 621 927 107 21
447 847 927 107 8
448 335 828 198 83
449 335 266 145 82
450 847 266 145 15
451 457 266 145 30
452 253 888 196 86
453 543 716 192 53
454 543 888 196 19
455 543 864 225 56
456 818 347 135 118
457 457 347 135 48
458 190 864 225 44
459 190 676 230 132
460 57 359 186 76
461 57 525 145 25
462 665 241 107 114
463 57 241 107 39
464 775 676 230 6
465 775 607 238 96
466 775 386 254 2
467 775 993 254 79
468 775 384 255 15
469 57 259 129 31
470 851 576 215 54
471 983 977 255 26
472 851 697 157 59
473 57 697 157 4
474 822 697 157 29
475 822 763 143 138
476 457 763 143 1
477 354 15 235 138
478 640 15 235 54
479 640 384 255 84
480 764 235 128 111
481 997 235 128 49
482 447 235 128 39
483 674 977 255 7
484 674 384 255 13
485 674 887 255 52
486 179 875 154 64
487 179 414 156 32
488 199 414 156 9
489 199 577 164 21
490 199 291 116 5
491 540 291 116 116
492 540 325 149 40
493 290 325 149 116
494 819 585 116 29
495 819 87 196 37
496 819 281 100 7
497 819 800 213 122
498 819 401 211 2
499 321 401 211 88
500 956 401 211 49
501 956 76 233 39
502 931 470 148 104
503 697 203 207 157
504 697 432 166 37
505 646 432 166 47
506 931 432 166 57
507 290 432 166 48
508 644 723 151 67
509 290 723 151 33
510 258 723 151 11
511 447 723 151 62
512 457 723 151 1
513 406 401 218 120
514 129 76 233 78
515 129 679 248 36
516 406 384 178 42
517 457 680 105 87
518 457 999 129 8
519 646 999 129 4
520 368 999 129 13
521 850 999 129 143
522 281 384 178 67
523 610 384 178 83
524 610 300 190 8
525 832 300 190 85
526 151 300 190 4
527 151 546 199 46
528 544 546 199 27
529 562 764 142 114
530 97 546 199 74
531 97 559 202 91
532 562 667 110 8
533 115 667 110 100
534 330 667 110 56
535 503 559 202 79
536 503 853 228 14
537 523 853 228 10
538 523 234 242 28
539 675 89 181 100
540 675 253 160 73
541 204 532 221 8
542 204 234 242 24
543 504 946 162 1
544 504 986 163 20
545 697 986 163 30
546 711 986 163 11
547 330 986 163 82
548 848 508 179 98
549 939 922 232 126
550 330 212 148 27
551 850 212 148 8
552 516 212 148 51
553 516 486 123 8
554 943 486 123 59
555 577 486 123 47
556 332 919 128 85
557 577 919 128 83
558 577 295 117 21
559 739 295 117 52
560 302 295 117 17
561 420 295 117 66
562 113 427 181 126
563 420 464 111 44
564 493 427 181 27
565 493 922 232 38
566 493 234 242 64
567 493 964 247 3
568 417 541 139 58
569 417 256 169 7
570 257 256 169 66
571 833 606 119 3
572 257 606 119 37
573 420 606 119 5
574 816 606 119 48
575 870 964 247 101
576 240 946 121 24
577 753 964 247 66
578 753 679 248 73
579 639 188 193 139
580 240 344 161 110
581 956 344 161 23
582 708 188 193 57
583 708 924 201 140
584 404 924 201 42
585 404 818 208 26
586 404 854 229 77
587 404 679 248 42
588 404 887 255 9
589 907 999 147 125
590 956 999 147 19
591 956 98 128 8
592 617 167 219 79
593 956 295 174 52
594 956 454 146 11
595 816 454 146 7
596 918 454 146 102
597 25 454 146 42
598 25 83 124 9
599 956 83 124 81
600 78 83 124 10
601 542 83 124 34
602 98 167 219 18
603 992 167 219 10
604 309 933 129 14
605 637 933 129 1
606 8 783 187 79
607 8 167 219 28
608 997 36 187 29
609 997 167 219 52
610 997 62 229 100
611 524 733 110 141
612 542 733 110 7
613 637 543 116 77
614 416 619 190 177
615 373 106 182 183
616 373 619 190 6
617 373 62 229 4
618 337 620 114 159
619 831 821 197 6
620 177 821 197 74
621 177 889 194 77
622 337 102 165 16
623 203 102 165 61
624 928 889 194 117
625 928 246 207 33
626 475 277 174 61
627 475 246 207 7
628 475 166 212 6
629 203 495 153 5
630 465 166 212 120
631 203 449 128 92
632 354 449 128 1
633 354 457 163 39
634 743 457 163 46
635 260 166 212 3
636 260 62 229 13
637 260 271 130 83
638 743 271 130 27
639 485 271 130 57
640 263 641 232 66
641 373 641 232 117
642 373 763 243 47
643 373 654 243 19
644 3 276 217 98
645 3 770 156 68
646 136 770 156 6
647 136 699 136 86
648 680 699 136 94
649 740 638 231 20
650 440 790 103 108
651 680 790 103 19
652 484 638 231 47
653 484 527 235 28
654 707 18 200 78
655 707 314 136 81
656 680 314 136 39
657 485 314 136 79
658 171 905 221 48
659 171 527 235 29
660 572 382 175 80
661 572 994 135 37
662 485 994 135 45
663 550 994 135 12
664 795 994 135 63
665 626 89 167 9
666 795 41 139 106
667 570 41 139 60
668 716 89 167 28
669 716 401 181 130
670 181 527 235 9
671 40 527 235 77
672 40 645 240 6
673 491 166 122 35
674 175 645 240 127
675 491 430 104 1
676 903 430 104 11
677 234 842 132 87
678 545 550 198 112
679 234 550 198 14
680 234 493 103 38
681 903 493 103 90
682 903 165 117 5
683 570 165 117 61
684 280 645 240 6
685 280 654 243 39
686 697 69 102 44
687 133 69 102 56
688 133 207 176 28
689 646 207 176 27
690 572 207 176 5
691 404 207 176 81
692 404 216 187 1
693 424 216 187 85
694 424 783 224 34
695 424 654 243 41
696 249 654 243 59
697 249 551 245 79
698 249 942 248 36
699 907 942 248 138
700 907 792 253 61
701 867 815 180 85
702 441 815 180 12
703 441 842 187 6
704 128 842 187 42
705 128 792 253 118
706 693 641 163 1
707 400 641 163 60
708 700 792 253 8
709 700 887 255 29
710 700 543 255 108
711 700 94 257 2
712 400 282 173 83
713 400 607 107 25
714 41 607 107 59
715 192 319 225 27
716 192 158 226 45
717 41 727 189 24
718 300 494 101 29
719 585 494 101 121
720 585 733 111 27
721 243 241 100 143
722 585 241 100 30
723 503 241 100 23
724 503 490 120 28
725 904 165 183 73
726 904 727 189 70
727 503 325 142 12
728 268 325 142 155
729 298 727 189 43
730 298 954 203 74
731 298 304 208 25
732 683 356 163 157
733 299 304 208 4
734 648 291 119 174
735 357 291 119 26
736 843 304 208 79
737 357 576 127 31
738 683 576 127 36
739 683 502 159 2
740 683 385 104 3
741 735 385 104 129
742 268 385 104 31
743 691 385 104 23
744 191 304 208 41
745 191 761 211 61
746 812 485 149 63
747 812 35 167 52
748 87 35 167 79
749 691 672 144 115
750 570 672 144 44
